<?xml version="1.0" encoding="UTF-8"?>
<testsuite xmlns:xsi="http://www.w3.org/2001/XMLSchema-instance" xsi:noNamespaceSchemaLocation="https://maven.apache.org/surefire/maven-surefire-plugin/xsd/surefire-test-report.xsd" name="edu.udacity.java.nano.unit.MessageTest" time="0.069" tests="4" errors="0" skipped="0" failures="0">
  <properties>
[...]
</properties>
  <testcase name="testUpdateUsername" classname="edu.udacity.java.nano.unit.MessageTest" time="0.002"/>
  <testcase name="testCreateMessage" classname="edu.udacity.java.nano.unit.MessageTest" time="0"/>
  <testcase name="testUpdateOnlineCount" classname="edu.udacity.java.nano.unit.MessageTest" time="0"/>
  <testcase name="testUpdateMsgType" classname="edu.udacity.java.nano.unit.MessageTest" time="0"/>
</testsuite>